# JRE version: Java(TM) SE Runtime Environment (17.0.7+8) (build 17.0.7+8-LTS-224)
# Java VM: Java HotSpot(TM) 64-Bit Server VM (17.0.7+8-LTS-224, mixed mode, sharing, tiered, compressed oops, compressed class ptrs, g1 gc, windows-amd64)
GC Precious Log:
 CPUs: 8 total, 8 available
 Memory: 20360M
 Large Page Support: Disabled
 NUMA Support: Disabled
 Compressed Oops: Enabled (Zero based)
 Heap Region Size: 4M
 Heap Min Capacity: 8M
 Heap Initial Capacity: 320M
 Heap Max Capacity: 5092M
 Pre-touch: Disabled
 Parallel Workers: 8
 Concurrent Workers: 2
 Concurrent Refinement Workers: 8
 Periodic GC: Disabled
Heap:
 garbage-first heap   total 139264K, used 66605K [0x00000006c1c00000, 0x0000000800000000)
  region size 4096K, 2 young (8192K), 1 survivors (4096K)
 Metaspace       used 30011K, committed 30848K, reserved 1081344K
  class space    used 3423K, committed 3776K, reserved 1048576K
GC Heap History (20 events):
Event: 1.840 GC heap before
{Heap before GC invocations=0 (full 0):
 garbage-first heap   total 327680K, used 20480K [0x00000006c1c00000, 0x0000000800000000)
  region size 4096K, 5 young (20480K), 0 survivors (0K)
 Metaspace       used 5735K, committed 5952K, reserved 1056768K
  class space    used 671K, committed 768K, reserved 1048576K
}
Event: 1.843 GC heap after
{Heap after GC invocations=1 (full 0):
 garbage-first heap   total 327680K, used 4069K [0x00000006c1c00000, 0x0000000800000000)
  region size 4096K, 1 young (4096K), 1 survivors (4096K)
 Metaspace       used 5735K, committed 5952K, reserved 1056768K
  class space    used 671K, committed 768K, reserved 1048576K
}
Event: 2.095 GC heap before
{Heap before GC invocations=1 (full 0):
 garbage-first heap   total 327680K, used 24549K [0x00000006c1c00000, 0x0000000800000000)
  region size 4096K, 6 young (24576K), 1 survivors (4096K)
 Metaspace       used 7413K, committed 7616K, reserved 1056768K
  class space    used 876K, committed 1024K, reserved 1048576K
}
Event: 2.098 GC heap after
{Heap after GC invocations=2 (full 0):
 garbage-first heap   total 327680K, used 4983K [0x00000006c1c00000, 0x0000000800000000)
  region size 4096K, 1 young (4096K), 1 survivors (4096K)
 Metaspace       used 7413K, committed 7616K, reserved 1056768K
  class space    used 876K, committed 1024K, reserved 1048576K
}
Event: 4.128 GC heap before
{Heap before GC invocations=2 (full 0):
 garbage-first heap   total 327680K, used 62327K [0x00000006c1c00000, 0x0000000800000000)
  region size 4096K, 15 young (61440K), 1 survivors (4096K)
 Metaspace       used 15281K, committed 15552K, reserved 1064960K
  class space    used 1820K, committed 1984K, reserved 1048576K
}
Event: 4.133 GC heap after
{Heap after GC invocations=3 (full 0):
 garbage-first heap   total 327680K, used 10751K [0x00000006c1c00000, 0x0000000800000000)
  region size 4096K, 2 young (8192K), 2 survivors (8192K)
 Metaspace       used 15281K, committed 15552K, reserved 1064960K
  class space    used 1820K, committed 1984K, reserved 1048576K
}
Event: 18.060 GC heap before
{Heap before GC invocations=3 (full 0):
 garbage-first heap   total 327680K, used 137727K [0x00000006c1c00000, 0x0000000800000000)
  region size 4096K, 26 young (106496K), 2 survivors (8192K)
 Metaspace       used 21231K, committed 21504K, reserved 1073152K
  class space    used 2473K, committed 2624K, reserved 1048576K
}
Event: 18.071 GC heap after
{Heap after GC invocations=4 (full 0):
 garbage-first heap   total 327680K, used 22935K [0x00000006c1c00000, 0x0000000800000000)
  region size 4096K, 5 young (20480K), 5 survivors (20480K)
 Metaspace       used 21231K, committed 21504K, reserved 1073152K
  class space    used 2473K, committed 2624K, reserved 1048576K
}
Event: 19.794 GC heap before
{Heap before GC invocations=5 (full 0):
 garbage-first heap   total 98304K, used 72087K [0x00000006c1c00000, 0x0000000800000000)
  region size 4096K, 18 young (73728K), 5 survivors (20480K)
 Metaspace       used 26505K, committed 26880K, reserved 1073152K
  class space    used 3056K, committed 3264K, reserved 1048576K
}
Event: 19.831 GC heap after
{Heap after GC invocations=6 (full 0):
 garbage-first heap   total 114688K, used 36707K [0x00000006c1c00000, 0x0000000800000000)
  region size 4096K, 6 young (24576K), 6 survivors (24576K)
 Metaspace       used 26505K, committed 26880K, reserved 1073152K
  class space    used 3056K, committed 3264K, reserved 1048576K
}
Event: 20.866 GC heap before
{Heap before GC invocations=6 (full 0):
 garbage-first heap   total 114688K, used 69475K [0x00000006c1c00000, 0x0000000800000000)
  region size 4096K, 15 young (61440K), 6 survivors (24576K)
 Metaspace       used 28321K, committed 28672K, reserved 1081344K
  class space    used 3263K, committed 3456K, reserved 1048576K
}
Event: 20.882 GC heap after
{Heap after GC invocations=7 (full 0):
 garbage-first heap   total 114688K, used 40959K [0x00000006c1c00000, 0x0000000800000000)
  region size 4096K, 1 young (4096K), 1 survivors (4096K)
 Metaspace       used 28321K, committed 28672K, reserved 1081344K
  class space    used 3263K, committed 3456K, reserved 1048576K
}
Event: 22.276 GC heap before
{Heap before GC invocations=7 (full 0):
 garbage-first heap   total 114688K, used 77823K [0x00000006c1c00000, 0x0000000800000000)
  region size 4096K, 10 young (40960K), 1 survivors (4096K)
 Metaspace       used 29852K, committed 30208K, reserved 1081344K
  class space    used 3446K, committed 3648K, reserved 1048576K
}
Event: 22.294 GC heap after
{Heap after GC invocations=8 (full 0):
 garbage-first heap   total 114688K, used 52197K [0x00000006c1c00000, 0x0000000800000000)
  region size 4096K, 2 young (8192K), 2 survivors (8192K)
 Metaspace       used 29852K, committed 30208K, reserved 1081344K
  class space    used 3446K, committed 3648K, reserved 1048576K
}
Event: 22.951 GC heap before
{Heap before GC invocations=8 (full 0):
 garbage-first heap   total 114688K, used 76773K [0x00000006c1c00000, 0x0000000800000000)
  region size 4096K, 8 young (32768K), 2 survivors (8192K)
 Metaspace       used 29865K, committed 30208K, reserved 1081344K
  class space    used 3446K, committed 3648K, reserved 1048576K
}
Event: 22.976 GC heap after
{Heap after GC invocations=9 (full 0):
 garbage-first heap   total 139264K, used 62396K [0x00000006c1c00000, 0x0000000800000000)
  region size 4096K, 1 young (4096K), 1 survivors (4096K)
 Metaspace       used 29865K, committed 30208K, reserved 1081344K
  class space    used 3446K, committed 3648K, reserved 1048576K
}
Event: 24.031 GC heap before
{Heap before GC invocations=9 (full 0):
 garbage-first heap   total 139264K, used 86972K [0x00000006c1c00000, 0x0000000800000000)
  region size 4096K, 8 young (32768K), 1 survivors (4096K)
 Metaspace       used 30870K, committed 31232K, reserved 1081344K
  class space    used 3568K, committed 3776K, reserved 1048576K
}
Event: 24.038 GC heap after
{Heap after GC invocations=10 (full 0):
 garbage-first heap   total 139264K, used 65396K [0x00000006c1c00000, 0x0000000800000000)
  region size 4096K, 1 young (4096K), 1 survivors (4096K)
 Metaspace       used 30870K, committed 31232K, reserved 1081344K
  class space    used 3568K, committed 3776K, reserved 1048576K
}
Event: 24.693 GC heap before
{Heap before GC invocations=10 (full 0):
 garbage-first heap   total 139264K, used 94068K [0x00000006c1c00000, 0x0000000800000000)
  region size 4096K, 8 young (32768K), 1 survivors (4096K)
 Metaspace       used 31484K, committed 31872K, reserved 1081344K
  class space    used 3615K, committed 3840K, reserved 1048576K
}
Event: 24.699 GC heap after
{Heap after GC invocations=11 (full 0):
 garbage-first heap   total 139264K, used 66605K [0x00000006c1c00000, 0x0000000800000000)
  region size 4096K, 1 young (4096K), 1 survivors (4096K)
 Metaspace       used 31484K, committed 31872K, reserved 1081344K
  class space    used 3615K, committed 3840K, reserved 1048576K
}

